<?xml version="1.0" encoding="UTF-8"?>
<!-- Generated by org.testng.reporters.JUnitReportReporter -->
<testsuite hostname="Logueswar" failures="0" tests="1" name="testCases.TC02_UnsuccessfulLogin" time="0.376" errors="0" timestamp="2025-08-24T10:24:24 IST" skipped="0">
  <testcase classname="testCases.TC02_UnsuccessfulLogin" name="verify_unsuccessful_login" time="0.376"/>
</testsuite> <!-- testCases.TC02_UnsuccessfulLogin -->
