<?xml version="1.0" encoding="UTF-8"?>
<!-- Generated by org.testng.reporters.JUnitReportReporter -->
<testsuite hostname="Logueswar" failures="0" tests="1" name="testCases.TC01_SuccessfulLogin" time="0.877" errors="0" timestamp="2025-08-24T11:48:53 IST" skipped="0">
  <testcase classname="testCases.TC01_SuccessfulLogin" name="verify_successful_login" time="0.877"/>
</testsuite> <!-- testCases.TC01_SuccessfulLogin -->
